This is pdfTeX, Version 3.141592653-2.6-1.40.24 (TeX Live 2022) (preloaded format=latex 2022.7.5)  5 JUL 2022 19:45
entering extended mode
 restricted \write18 enabled.
 %&-line parsing enabled.
**ausarbeitung.tex
(./ausarbeitung.tex
LaTeX2e <2022-06-01> patch level 4
L3 programming layer <2022-07-01>
(c:/texlive/2022/texmf-dist/tex/latex/koma-script/scrartcl.cls
Document Class: scrartcl 2022/07/04 v3.37 KOMA-Script document class (article)
(c:/texlive/2022/texmf-dist/tex/latex/koma-script/scrkbase.sty
Package: scrkbase 2022/07/04 v3.37 KOMA-Script package (KOMA-Script-dependent b
asics and keyval usage)

(c:/texlive/2022/texmf-dist/tex/latex/koma-script/scrbase.sty
Package: scrbase 2022/07/04 v3.37 KOMA-Script package (KOMA-Script-independent 
basics and keyval usage)

(c:/texlive/2022/texmf-dist/tex/latex/koma-script/scrlfile.sty
Package: scrlfile 2022/07/04 v3.37 KOMA-Script package (file load hooks)

(c:/texlive/2022/texmf-dist/tex/latex/koma-script/scrlfile-hook.sty
Package: scrlfile-hook 2022/07/04 v3.37 KOMA-Script package (using LaTeX hooks)


(c:/texlive/2022/texmf-dist/tex/latex/koma-script/scrlogo.sty
Package: scrlogo 2022/07/04 v3.37 KOMA-Script package (logo)
)))
(c:/texlive/2022/texmf-dist/tex/latex/graphics/keyval.sty
Package: keyval 2022/05/29 v1.15 key=value parser (DPC)
\KV@toks@=\toks16
)
Applying: [2021/05/01] Usage of raw or classic option list on input line 252.
Already applied: [0000/00/00] Usage of raw or classic option list on input line
 368.
))
(c:/texlive/2022/texmf-dist/tex/latex/koma-script/tocbasic.sty
Package: tocbasic 2022/07/04 v3.37 KOMA-Script package (handling toc-files)
\scr@dte@tocline@numberwidth=\skip47
\scr@dte@tocline@numbox=\box51
)
Package tocbasic Info: babel extension for `toc' omitted
(tocbasic)             because of missing \bbl@set@language on input line 135.


Class scrartcl Warning: You've used deprecated option `abstracton'.
(scrartcl)              Usage of this option indicates an old document
(scrartcl)              and changes compatibility level using
(scrartcl)              `abstract=true,version=first,
(scrartcl)              enabledeprecatedfontcommands' that may result
(scrartcl)              in further warnings.
(scrartcl)              If you don't want this, you should simply
(scrartcl)              replace option `abstracton' by `abstract=true'.

Class scrartcl Info: Switching compatibility level to `first'.

Class scrartcl Warning: Switching back to an old KOMA-Script release does
(scrartcl)              not mean, that KOMA-Script is fully compatible with
(scrartcl)              the old release. If you need full compatibility
(scrartcl)              to an old KOMA-Script release, you should use that
(scrartcl)              old KOMA-Script release. However, in that case you
(scrartcl)              could also need old releases of other packages and
(scrartcl)              even of the LaTeX kernel.
(scrartcl)              You should also note, that the KOMA-Script developers
(scrartcl)              refuse support for documents using `version=first'.
(scrartcl)              We recommend to eliminate all deprecated options
(scrartcl)              and commands. We also recommend to not use option
(scrartcl)              `version', i.e., with other values than `last'.


Class scrartcl Warning: deprecated option `enabledeprecatedfontcommands'.
(scrartcl)              Note, that this option was already depreacted when
(scrartcl)              it has been defined. Support for old font commands
(scrartcl)              has been removed from KOMA-Script more than one
(scrartcl)              decade ago. It is not recommended to use them any
(scrartcl)              longer. Therefore usage of this class option also
(scrartcl)              is not recommended.

Package scrartcl Info: You've used standard option `11pt'.
(scrartcl)             This is correct!
(scrartcl)             Internally I'm using `fontsize=11pt'.
(scrartcl)             If you'd like to set the option with \KOMAoptions,
(scrartcl)             you'd have to use `fontsize=11pt' there
(scrartcl)             instead of `11pt', too.

Class scrartcl Warning: You've used deprecated option `bibtotocnumbered'.
(scrartcl)              Usage of this option indicates an old document
(scrartcl)              and changes compatibility level using
(scrartcl)              `bibliography=totocnumbered,version=first,
(scrartcl)              enabledeprecatedfontcommands' that may result
(scrartcl)              in further warnings.
(scrartcl)              If you don't want this, you should simply
(scrartcl)              replace option `bibtotocnumbered' by `bibliography=toto
cnumbered'.

Class scrartcl Info: Switching compatibility level to `first'.

Class scrartcl Warning: Switching back to an old KOMA-Script release does
(scrartcl)              not mean, that KOMA-Script is fully compatible with
(scrartcl)              the old release. If you need full compatibility
(scrartcl)              to an old KOMA-Script release, you should use that
(scrartcl)              old KOMA-Script release. However, in that case you
(scrartcl)              could also need old releases of other packages and
(scrartcl)              even of the LaTeX kernel.
(scrartcl)              You should also note, that the KOMA-Script developers
(scrartcl)              refuse support for documents using `version=first'.
(scrartcl)              We recommend to eliminate all deprecated options
(scrartcl)              and commands. We also recommend to not use option
(scrartcl)              `version', i.e., with other values than `last'.


Class scrartcl Warning: deprecated option `enabledeprecatedfontcommands'.
(scrartcl)              Note, that this option was already depreacted when
(scrartcl)              it has been defined. Support for old font commands
(scrartcl)              has been removed from KOMA-Script more than one
(scrartcl)              decade ago. It is not recommended to use them any
(scrartcl)              longer. Therefore usage of this class option also
(scrartcl)              is not recommended.

Class scrartcl Info: File `scrsize11pt.clo' used to setup font sizes on input l
ine 2319.
(c:/texlive/2022/texmf-dist/tex/latex/koma-script/scrsize11pt.clo
File: scrsize11pt.clo 2022/07/04 v3.37 KOMA-Script font size class option (11pt
)
)
(c:/texlive/2022/texmf-dist/tex/latex/koma-script/typearea.sty
Package: typearea 2022/07/04 v3.37 KOMA-Script package (type area)
\ta@bcor=\skip48
\ta@div=\count185
Package typearea Info: You've used standard option `pdftex'.
(typearea)             This is correct!
(typearea)             Internally I'm using `pagesize=pdftex'.
(typearea)             If you'd like to set the option with \KOMAoptions,
(typearea)             you'd have to use `pagesize=pdftex' there
(typearea)             instead of `pdftex', too.
Package typearea Info: You've used standard option `a4paper'.
(typearea)             This is correct!
(typearea)             Internally I'm using `paper=a4'.
(typearea)             If you'd like to set the option with \KOMAoptions,
(typearea)             you'd have to use `paper=a4' there
(typearea)             instead of `a4paper', too.
\ta@hblk=\skip49
\ta@vblk=\skip50
\ta@temp=\skip51
\footheight=\skip52
Package typearea Info: These are the values describing the layout:
(typearea)             DIV  = 10
(typearea)             BCOR = 0.0pt
(typearea)             \paperwidth      = 597.50793pt
(typearea)              \textwidth      = 418.25555pt
(typearea)              DIV departure   = -6%
(typearea)              \evensidemargin = 17.3562pt
(typearea)              \oddsidemargin  = 17.3562pt
(typearea)             \paperheight     = 845.04694pt
(typearea)              \textheight     = 595.80026pt
(typearea)              \topmargin      = -25.16531pt
(typearea)              \headheight     = 17.0pt
(typearea)              \headsep        = 20.40001pt
(typearea)              \topskip        = 11.0pt
(typearea)              \footskip       = 47.6pt
(typearea)              \baselineskip   = 13.6pt
(typearea)              on input line 1766.
)
\c@part=\count186
\c@section=\count187
\c@subsection=\count188
\c@subsubsection=\count189
\c@paragraph=\count190
\c@subparagraph=\count191
\scr@dte@section@maxnumwidth=\skip53
Class scrartcl Info: using compatibility default `runin=bysign'
(scrartcl)           for `\section on input line 4897.
Class scrartcl Info: using compatibility default `afterindent=bysign'
(scrartcl)           for `\section on input line 4897.
\scr@dte@part@maxnumwidth=\skip54
Class scrartcl Info: using compatibility default `afterindent=false'
(scrartcl)           for `\part on input line 4905.
\scr@dte@subsection@maxnumwidth=\skip55
Class scrartcl Info: using compatibility default `runin=bysign'
(scrartcl)           for `\subsection on input line 4915.
Class scrartcl Info: using compatibility default `afterindent=bysign'
(scrartcl)           for `\subsection on input line 4915.
\scr@dte@subsubsection@maxnumwidth=\skip56
Class scrartcl Info: using compatibility default `runin=bysign'
(scrartcl)           for `\subsubsection on input line 4925.
Class scrartcl Info: using compatibility default `afterindent=bysign'
(scrartcl)           for `\subsubsection on input line 4925.
\scr@dte@paragraph@maxnumwidth=\skip57
Class scrartcl Info: using compatibility default `runin=bysign'
(scrartcl)           for `\paragraph on input line 4936.
Class scrartcl Info: using compatibility default `afterindent=bysign'
(scrartcl)           for `\paragraph on input line 4936.
\scr@dte@subparagraph@maxnumwidth=\skip58
Class scrartcl Info: using compatibility default `runin=bysign'
(scrartcl)           for `\subparagraph on input line 4946.
Class scrartcl Info: using compatibility default `afterindent=bysign'
(scrartcl)           for `\subparagraph on input line 4946.
\abovecaptionskip=\skip59
\belowcaptionskip=\skip60
\c@pti@nb@sid@b@x=\box52
Package tocbasic Info: babel extension for `lof' omitted
(tocbasic)             because of missing \bbl@set@language on input line 6102.

\scr@dte@figure@maxnumwidth=\skip61
\c@figure=\count192
Package tocbasic Info: babel extension for `lot' omitted
(tocbasic)             because of missing \bbl@set@language on input line 6118.

\scr@dte@table@maxnumwidth=\skip62
\c@table=\count193
Class scrartcl Info: Using old \@makefntext due to compatibility level
(scrartcl)           less than 3.22 on input line 6275.
Class scrartcl Info: Redefining `\numberline' on input line 6288.
\bibindent=\dimen138
)
(c:/texlive/2022/texmf-dist/tex/generic/iftex/iftex.sty
Package: iftex 2022/02/03 v1.0f TeX engine tests
)
(c:/texlive/2022/texmf-dist/tex/generic/babel/babel.sty
Package: babel 2022/06/26 3.77 The Babel package
\babel@savecnt=\count194
\U@D=\dimen139
\l@unhyphenated=\language87

(c:/texlive/2022/texmf-dist/tex/generic/babel/txtbabel.def)
\bbl@readstream=\read2
\bbl@dirlevel=\count195

(c:/texlive/2022/texmf-dist/tex/generic/babel-german/ngerman.ldf
Language: ngerman 2021/02/27 v2.13 German support for babel (post-1996 orthogra
phy)

(c:/texlive/2022/texmf-dist/tex/generic/babel-german/ngermanb.ldf
Language: ngermanb 2021/02/27 v2.13 German support for babel (post-1996 orthogr
aphy)
Package babel Info: Making " an active character on input line 122.
)))
(c:/texlive/2022/texmf-dist/tex/generic/babel/locale/de/babel-ngerman.tex
Package babel Info: Importing font and identification data for ngerman
(babel)             from babel-de.ini. Reported on input line 11.
)
(c:/texlive/2022/texmf-dist/tex/latex/base/inputenc.sty
Package: inputenc 2021/02/14 v1.3d Input encoding file
\inpenc@prehook=\toks17
\inpenc@posthook=\toks18
)
(c:/texlive/2022/texmf-dist/tex/latex/base/fontenc.sty
Package: fontenc 2021/04/29 v2.0v Standard LaTeX package
)
(c:/texlive/2022/texmf-dist/tex/latex/paralist/paralist.sty
Package: paralist 2017/01/22 v2.7 Extended list environments
\pltopsep=\skip63
\plpartopsep=\skip64
\plitemsep=\skip65
\plparsep=\skip66
\pl@lab=\toks19
)
(c:/texlive/2022/texmf-dist/tex/latex/biblatex/biblatex.sty
Package: biblatex 2022/07/02 v3.18a programmable bibliographies (PK/MW)

(c:/texlive/2022/texmf-dist/tex/generic/pdftexcmds/pdftexcmds.sty
Package: pdftexcmds 2020-06-27 v0.33 Utility functions of pdfTeX for LuaTeX (HO
)

(c:/texlive/2022/texmf-dist/tex/generic/infwarerr/infwarerr.sty
Package: infwarerr 2019/12/03 v1.5 Providing info/warning/error messages (HO)
)
(c:/texlive/2022/texmf-dist/tex/generic/ltxcmds/ltxcmds.sty
Package: ltxcmds 2020-05-10 v1.25 LaTeX kernel commands for general use (HO)
)
Package pdftexcmds Info: \pdf@primitive is available.
Package pdftexcmds Info: \pdf@ifprimitive is available.
Package pdftexcmds Info: \pdfdraftmode is ignored in DVI mode.
)
(c:/texlive/2022/texmf-dist/tex/latex/etoolbox/etoolbox.sty
Package: etoolbox 2020/10/05 v2.5k e-TeX tools for LaTeX (JAW)
\etb@tempcnta=\count196
)
(c:/texlive/2022/texmf-dist/tex/latex/kvoptions/kvoptions.sty
Package: kvoptions 2022-06-15 v3.15 Key value format for package options (HO)

(c:/texlive/2022/texmf-dist/tex/generic/kvsetkeys/kvsetkeys.sty
Package: kvsetkeys 2019/12/15 v1.18 Key value parser (HO)
))
(c:/texlive/2022/texmf-dist/tex/latex/logreq/logreq.sty
Package: logreq 2010/08/04 v1.0 xml request logger
\lrq@indent=\count197

(c:/texlive/2022/texmf-dist/tex/latex/logreq/logreq.def
File: logreq.def 2010/08/04 v1.0 logreq spec v1.0
))
(c:/texlive/2022/texmf-dist/tex/latex/base/ifthen.sty
Package: ifthen 2022/04/13 v1.1d Standard LaTeX ifthen package (DPC)
)
(c:/texlive/2022/texmf-dist/tex/latex/url/url.sty
\Urlmuskip=\muskip16
Package: url 2013/09/16  ver 3.4  Verb mode for urls, etc.
)
\c@tabx@nest=\count198
\c@listtotal=\count199
\c@listcount=\count266
\c@liststart=\count267
\c@liststop=\count268
\c@citecount=\count269
\c@citetotal=\count270
\c@multicitecount=\count271
\c@multicitetotal=\count272
\c@instcount=\count273
\c@maxnames=\count274
\c@minnames=\count275
\c@maxitems=\count276
\c@minitems=\count277
\c@citecounter=\count278
\c@maxcitecounter=\count279
\c@savedcitecounter=\count280
\c@uniquelist=\count281
\c@uniquename=\count282
\c@refsection=\count283
\c@refsegment=\count284
\c@maxextratitle=\count285
\c@maxextratitleyear=\count286
\c@maxextraname=\count287
\c@maxextradate=\count288
\c@maxextraalpha=\count289
\c@abbrvpenalty=\count290
\c@highnamepenalty=\count291
\c@lownamepenalty=\count292
\c@maxparens=\count293
\c@parenlevel=\count294
\blx@tempcnta=\count295
\blx@tempcntb=\count296
\blx@tempcntc=\count297
\c@blx@maxsection=\count298
\blx@maxsegment@0=\count299
\blx@notetype=\count300
\blx@parenlevel@text=\count301
\blx@parenlevel@foot=\count302
\blx@sectionciteorder@0=\count303
\blx@sectionciteorderinternal@0=\count304
\blx@entrysetcounter=\count305
\blx@biblioinstance=\count306
\labelnumberwidth=\skip67
\labelalphawidth=\skip68
\biblabelsep=\skip69
\bibitemsep=\skip70
\bibnamesep=\skip71
\bibinitsep=\skip72
\bibparsep=\skip73
\bibhang=\skip74
\blx@bcfin=\read3
\blx@bcfout=\write3
\blx@langwohyphens=\language88
\c@mincomprange=\count307
\c@maxcomprange=\count308
\c@mincompwidth=\count309
Package biblatex Info: Trying to load biblatex default data model...
Package biblatex Info: ... file 'blx-dm.def' found.

(c:/texlive/2022/texmf-dist/tex/latex/biblatex/blx-dm.def
File: blx-dm.def 2022/07/02 v3.18a biblatex localization (PK/MW)
)
Package biblatex Info: Trying to load biblatex style data model...
Package biblatex Info: ... file 'ieee.dbx' not found.
Package biblatex Info: Trying to load biblatex custom data model...
Package biblatex Info: ... file 'biblatex-dm.cfg' not found.
\c@afterword=\count310
\c@savedafterword=\count311
\c@annotator=\count312
\c@savedannotator=\count313
\c@author=\count314
\c@savedauthor=\count315
\c@bookauthor=\count316
\c@savedbookauthor=\count317
\c@commentator=\count318
\c@savedcommentator=\count319
\c@editor=\count320
\c@savededitor=\count321
\c@editora=\count322
\c@savededitora=\count323
\c@editorb=\count324
\c@savededitorb=\count325
\c@editorc=\count326
\c@savededitorc=\count327
\c@foreword=\count328
\c@savedforeword=\count329
\c@holder=\count330
\c@savedholder=\count331
\c@introduction=\count332
\c@savedintroduction=\count333
\c@namea=\count334
\c@savednamea=\count335
\c@nameb=\count336
\c@savednameb=\count337
\c@namec=\count338
\c@savednamec=\count339
\c@translator=\count340
\c@savedtranslator=\count341
\c@shortauthor=\count342
\c@savedshortauthor=\count343
\c@shorteditor=\count344
\c@savedshorteditor=\count345
\c@labelname=\count346
\c@savedlabelname=\count347
\c@institution=\count348
\c@savedinstitution=\count349
\c@lista=\count350
\c@savedlista=\count351
\c@listb=\count352
\c@savedlistb=\count353
\c@listc=\count354
\c@savedlistc=\count355
\c@listd=\count356
\c@savedlistd=\count357
\c@liste=\count358
\c@savedliste=\count359
\c@listf=\count360
\c@savedlistf=\count361
\c@location=\count362
\c@savedlocation=\count363
\c@organization=\count364
\c@savedorganization=\count365
\c@origlocation=\count366
\c@savedoriglocation=\count367
\c@origpublisher=\count368
\c@savedorigpublisher=\count369
\c@publisher=\count370
\c@savedpublisher=\count371
\c@language=\count372
\c@savedlanguage=\count373
\c@origlanguage=\count374
\c@savedoriglanguage=\count375
\c@pageref=\count376
\c@savedpageref=\count377
\shorthandwidth=\skip75
\shortjournalwidth=\skip76
\shortserieswidth=\skip77
\shorttitlewidth=\skip78
\shortauthorwidth=\skip79
\shorteditorwidth=\skip80
\locallabelnumberwidth=\skip81
\locallabelalphawidth=\skip82
\localshorthandwidth=\skip83
\localshortjournalwidth=\skip84
\localshortserieswidth=\skip85
\localshorttitlewidth=\skip86
\localshortauthorwidth=\skip87
\localshorteditorwidth=\skip88
Package biblatex Info: Trying to load compatibility code...
Package biblatex Info: ... file 'blx-compat.def' found.

(c:/texlive/2022/texmf-dist/tex/latex/biblatex/blx-compat.def
File: blx-compat.def 2022/07/02 v3.18a biblatex compatibility (PK/MW)
)
Package biblatex Info: Trying to load BibTeX backend compatibility...
Package biblatex Info: ... file 'blx-bibtex.def' found.

(c:/texlive/2022/texmf-dist/tex/latex/biblatex/blx-bibtex.def
File: blx-bibtex.def 2022/07/02 v3.18a biblatex compatibility (PK/MW)


Package biblatex Warning: Using fall-back BibTeX(8) backend:
(biblatex)                functionality may be reduced/unavailable.

)
Package biblatex Info: Trying to load generic definitions...
Package biblatex Info: ... file 'biblatex.def' found.
 (c:/texlive/2022/texmf-dist/tex/latex/biblatex/biblatex.def
File: biblatex.def 2022/07/02 v3.18a biblatex compatibility (PK/MW)
\c@textcitecount=\count378
\c@textcitetotal=\count379
\c@textcitemaxnames=\count380
\c@biburlbigbreakpenalty=\count381
\c@biburlbreakpenalty=\count382
\c@biburlnumpenalty=\count383
\c@biburlucpenalty=\count384
\c@biburllcpenalty=\count385
\biburlbigskip=\muskip17
\biburlnumskip=\muskip18
\biburlucskip=\muskip19
\biburllcskip=\muskip20
\c@smartand=\count386
)
Package biblatex Info: Trying to load bibliography style 'ieee'...
Package biblatex Info: ... file 'ieee.bbx' found.

(c:/texlive/2022/texmf-dist/tex/latex/biblatex-ieee/ieee.bbx
File: ieee.bbx 2021/12/06 v1.3f biblatex bibliography style
Package biblatex Info: Trying to load bibliography style 'numeric-comp'...
Package biblatex Info: ... file 'numeric-comp.bbx' found.

(c:/texlive/2022/texmf-dist/tex/latex/biblatex/bbx/numeric-comp.bbx
File: numeric-comp.bbx 2022/07/02 v3.18a biblatex bibliography style (PK/MW)
Package biblatex Info: Trying to load bibliography style 'numeric'...
Package biblatex Info: ... file 'numeric.bbx' found.

(c:/texlive/2022/texmf-dist/tex/latex/biblatex/bbx/numeric.bbx
File: numeric.bbx 2022/07/02 v3.18a biblatex bibliography style (PK/MW)
Package biblatex Info: Trying to load bibliography style 'standard'...
Package biblatex Info: ... file 'standard.bbx' found.

(c:/texlive/2022/texmf-dist/tex/latex/biblatex/bbx/standard.bbx
File: standard.bbx 2022/07/02 v3.18a biblatex bibliography style (PK/MW)
\c@bbx:relatedcount=\count387
\c@bbx:relatedtotal=\count388
))))
Package biblatex Info: Trying to load citation style 'ieee'...
Package biblatex Info: ... file 'ieee.cbx' found.

(c:/texlive/2022/texmf-dist/tex/latex/biblatex-ieee/ieee.cbx
File: ieee.cbx 2021/12/06 v1.3f biblatex citation style
Package biblatex Info: Trying to load citation style 'numeric-comp'...
Package biblatex Info: ... file 'numeric-comp.cbx' found.

(c:/texlive/2022/texmf-dist/tex/latex/biblatex/cbx/numeric-comp.cbx
File: numeric-comp.cbx 2022/07/02 v3.18a biblatex citation style (PK/MW)
\c@cbx@tempcnta=\count389
\c@cbx@tempcntb=\count390
\c@cbx@tempcntc=\count391
\c@cbx@tempcntd=\count392
Package biblatex Info: Redefining '\cite'.
Package biblatex Info: Redefining '\parencite'.
Package biblatex Info: Redefining '\footcite'.
Package biblatex Info: Redefining '\footcitetext'.
Package biblatex Info: Redefining '\smartcite'.
Package biblatex Info: Redefining '\supercite'.
Package biblatex Info: Redefining '\textcite'.
Package biblatex Info: Redefining '\textcites'.
Package biblatex Info: Redefining '\cites'.
Package biblatex Info: Redefining '\parencites'.
Package biblatex Info: Redefining '\smartcites'.
)
Package biblatex Info: Redefining '\cite'.
Package biblatex Info: Redefining '\supercite'.
Package biblatex Info: Redefining '\cites'.
)
Package biblatex Info: Trying to load configuration file...
Package biblatex Info: ... file 'biblatex.cfg' found.

(c:/texlive/2022/texmf-dist/tex/latex/biblatex/biblatex.cfg
File: biblatex.cfg 
)
Package biblatex Info: Input encoding 'utf8' detected.
Package biblatex Info: Document encoding is UTF8 ....

(c:/texlive/2022/texmf-dist/tex/latex/l3kernel/expl3.sty
Package: expl3 2022-07-01 L3 programming layer (loader) 


! LaTeX3 Error: Backend request inconsistent with engine: using 'dvips'
(LaTeX3)        backend.

For immediate help type H <return>.
 ...                                              
                                                  
l.144   { \sys_load_backend:n { } }
                                   
? 
(c:/texlive/2022/texmf-dist/tex/latex/l3backend/l3backend-dvips.def
File: l3backend-dvips.def 2022-07-01 L3 backend support: dvips
\l__pdf_internal_box=\box53
\g__pdf_backend_object_int=\count393
\l__pdf_backend_content_box=\box54
\l__pdf_backend_model_box=\box55
\g__pdf_backend_annotation_int=\count394
\g__pdf_backend_link_int=\count395
\g__pdf_backend_link_sf_int=\count396
))
Package biblatex Info: ... and expl3
(biblatex)             2022-07-01 L3 programming layer (loader) 
(biblatex)             is new enough (at least 2020/04/06),
(biblatex)             setting 'casechanger=expl3'.

(c:/texlive/2022/texmf-dist/tex/latex/biblatex/blx-case-expl3.sty
(c:/texlive/2022/texmf-dist/tex/latex/l3packages/xparse/xparse.sty
Package: xparse 2022-06-22 L3 Experimental document command parser
)
Package: blx-case-expl3 2022/07/02 v3.18a expl3 case changing code for biblatex

))
(c:/texlive/2022/texmf-dist/tex/latex/graphics/graphicx.sty
Package: graphicx 2021/09/16 v1.2d Enhanced LaTeX Graphics (DPC,SPQR)

(c:/texlive/2022/texmf-dist/tex/latex/graphics/graphics.sty
Package: graphics 2022/03/10 v1.4e Standard LaTeX Graphics (DPC,SPQR)

(c:/texlive/2022/texmf-dist/tex/latex/graphics/trig.sty
Package: trig 2021/08/11 v1.11 sin cos tan (DPC)
)
(c:/texlive/2022/texmf-dist/tex/latex/graphics-cfg/graphics.cfg
File: graphics.cfg 2016/06/04 v1.11 sample graphics configuration
)
Package graphics Info: Driver file: pdftex.def on input line 107.

(c:/texlive/2022/texmf-dist/tex/latex/graphics-def/pdftex.def
File: pdftex.def 2020/10/05 v1.2a Graphics/color driver for pdftex
))
\Gin@req@height=\dimen140
\Gin@req@width=\dimen141
)

Package biblatex Warning: 'babel/polyglossia' detected but 'csquotes' missing.
(biblatex)                Loading 'csquotes' recommended.

\@quotelevel=\count397
\@quotereset=\count398
(./ausarbeitung.aux)
\openout1 = `ausarbeitung.aux'.

LaTeX Font Info:    Checking defaults for OML/cmm/m/it on input line 37.
LaTeX Font Info:    ... okay on input line 37.
LaTeX Font Info:    Checking defaults for OMS/cmsy/m/n on input line 37.
LaTeX Font Info:    ... okay on input line 37.
LaTeX Font Info:    Checking defaults for OT1/cmr/m/n on input line 37.
LaTeX Font Info:    ... okay on input line 37.
LaTeX Font Info:    Checking defaults for T1/cmr/m/n on input line 37.
LaTeX Font Info:    ... okay on input line 37.
LaTeX Font Info:    Checking defaults for TS1/cmr/m/n on input line 37.
LaTeX Font Info:    ... okay on input line 37.
LaTeX Font Info:    Checking defaults for OMX/cmex/m/n on input line 37.
LaTeX Font Info:    ... okay on input line 37.
LaTeX Font Info:    Checking defaults for U/cmr/m/n on input line 37.
LaTeX Font Info:    ... okay on input line 37.
Package biblatex Info: Trying to load language 'ngerman'...
Package biblatex Info: ... file 'ngerman.lbx' found.

(c:/texlive/2022/texmf-dist/tex/latex/biblatex/lbx/ngerman.lbx
File: ngerman.lbx 2022/07/02 v3.18a biblatex localization (PK/MW)
Package biblatex Info: Trying to load language 'german'...
Package biblatex Info: ... file 'german.lbx' found.

(c:/texlive/2022/texmf-dist/tex/latex/biblatex/lbx/german.lbx
File: german.lbx 2022/07/02 v3.18a biblatex localization (PK/MW)
)
Package biblatex Info: Trying to load language 'german'...
Package biblatex Info: ... file 'german.lbx' found.

(c:/texlive/2022/texmf-dist/tex/latex/biblatex/lbx/german.lbx
File: german.lbx 2022/07/02 v3.18a biblatex localization (PK/MW)
))
Package biblatex Info: Input encoding 'utf8' detected.
Package biblatex Info: Automatic encoding selection.
(biblatex)             Assuming data encoding 'utf8'.
Package biblatex Info: Input encoding 'utf8' detected.
Package biblatex Info: Data encoding 'utf8' specified.
(biblatex)             No need to reencode data.
\openout3 = `ausarbeitung-blx.bib'.

Package biblatex Info: Trying to load bibliographic data...


Package biblatex Warning: File 'ausarbeitung.bbl' is wrong format version - exp
ected 3.2.

Package biblatex Info: ... file 'ausarbeitung.bbl' found.
(./ausarbeitung.bbl)
Package biblatex Info: Reference section=0 on input line 37.
Package biblatex Info: Reference segment=0 on input line 37.

(c:/texlive/2022/texmf-dist/tex/context/base/mkii/supp-pdf.mkii
[Loading MPS to PDF converter (version 2006.09.02).]
\scratchcounter=\count399
\scratchdimen=\dimen142
\scratchbox=\box56
\nofMPsegments=\count400
\nofMParguments=\count401
\everyMPshowfont=\toks20
\MPscratchCnt=\count402
\MPscratchDim=\dimen143
\MPnumerator=\count403
\makeMPintoPDFobject=\count404
\everyMPtoPDFconversion=\toks21
) (c:/texlive/2022/texmf-dist/tex/latex/epstopdf-pkg/epstopdf-base.sty
Package: epstopdf-base 2020-01-24 v2.11 Base part for package epstopdf
Package epstopdf-base Info: Redefining graphics rule for `.eps' on input line 4
85.

(c:/texlive/2022/texmf-dist/tex/latex/latexconfig/epstopdf-sys.cfg
File: epstopdf-sys.cfg 2010/07/13 v1.3 Configuration of (r)epstopdf for TeX Liv
e
)) [1

]
LaTeX Font Info:    Trying to load font information for T1+cmss on input line 6
0.

(c:/texlive/2022/texmf-dist/tex/latex/base/t1cmss.fd
File: t1cmss.fd 2019/12/16 v2.5j Standard LaTeX font definitions
) (./ausarbeitung.toc
LaTeX Font Info:    External font `cmex10' loaded for size
(Font)              <10.95> on input line 8.
LaTeX Font Info:    External font `cmex10' loaded for size
(Font)              <8> on input line 8.
LaTeX Font Info:    External font `cmex10' loaded for size
(Font)              <6> on input line 8.

[2])
\tf@toc=\write4
\openout4 = `ausarbeitung.toc'.

 [3]
! Undefined control sequence.
l.76 \Glossar
             
? 
[1] [2] [3]

LaTeX Warning: Citation 'artifactRegistryReplacesGCP' on page 4 undefined on in
put line 176.

[4] [5]
Overfull \hbox (4.03139pt too wide) in paragraph at lines 223--227
\T1/cmr/m/n/10.95 Stärken und Schwä-chen her-aus-stel-len Ver-bes-se-rungs-fä-h
i-ge Aspek-te be-nen-nen - App.Config
 []

[6] [7] (./ausarbeitung.aux)

LaTeX Warning: There were undefined references.


Package biblatex Warning: Please (re)run BibTeX on the file(s):
(biblatex)                ausarbeitung
(biblatex)                and rerun LaTeX afterwards.

Package logreq Info: Writing requests to 'ausarbeitung.run.xml'.
\openout1 = `ausarbeitung.run.xml'.

 ) 
Here is how much of TeX's memory you used:
 14000 strings out of 478037
 282157 string characters out of 5843060
 924415 words of memory out of 5000000
 32297 multiletter control sequences out of 15000+600000
 483281 words of font info for 52 fonts, out of 8000000 for 9000
 1143 hyphenation exceptions out of 8191
 108i,8n,106p,10607b,2379s stack positions out of 10000i,1000n,20000p,200000b,200000s

Output written on ausarbeitung.dvi (10 pages, 26464 bytes).
